#
# There is insufficient memory for the Java Runtime Environment to continue.
# Native memory allocation (malloc) failed to allocate 1075856 bytes for Chunk::new
# Possible reasons:
#   The system is out of physical RAM or swap space
#   The process is running with CompressedOops enabled, and the Java Heap may be blocking the growth of the native heap
# Possible solutions:
#   Reduce memory load on the system
#   Increase physical memory or swap space
#   Check if swap backing store is full
#   Decrease Java heap size (-Xmx/-Xms)
#   Decrease number of Java threads
#   Decrease Java thread stack sizes (-Xss)
#   Set larger code cache with -XX:ReservedCodeCacheSize=
#   JVM is running with Unscaled Compressed Oops mode in which the Java heap is
#     placed in the first 4GB address space. The Java Heap base address is the
#     maximum limit for the native heap growth. Please use -XX:HeapBaseMinAddress
#     to set the Java Heap base and to place the Java Heap above 4GB virtual address.
# This output file may be truncated or incomplete.
#
#  Out of Memory Error (./src/hotspot/share/memory/arena.cpp:197), pid=6592, tid=8068
#
# JRE version: OpenJDK Runtime Environment (11.0.12+7) (build 11.0.12+7-b1504.28-7817840)
# Java VM: OpenJDK 64-Bit Server VM (11.0.12+7-b1504.28-7817840, mixed mode, tiered, compressed oops, g1 gc, windows-amd64)
# No core dump will be written. Minidumps are not enabled by default on client versions of Windows
#

---------------  S U M M A R Y ------------

Command Line: -Xmx1536m -Dfile.encoding=windows-1252 -Duser.country=IN -Duser.language=en -Duser.variant org.gradle.launcher.daemon.bootstrap.GradleDaemon 4.8

Host: Intel(R) Core(TM) i5-9300H CPU @ 2.40GHz, 8 cores, 7G,  Windows 10 , 64 bit Build 25905 (10.0.25905.1000)
Time: Fri Jul 28 23:22:04 2023 India Standard Time elapsed time: 8.581722 seconds (0d 0h 0m 8s)

---------------  T H R E A D  ---------------

Current thread (0x000001831df86000):  JavaThread "C2 CompilerThread0" daemon [_thread_in_native, id=8068, stack(0x000000268bc00000,0x000000268bd00000)]


Current CompileTask:
C2:   8581 2193       4       java.net.URLClassLoader$1::run (5 bytes)

Stack: [0x000000268bc00000,0x000000268bd00000]
Native frames: (J=compiled Java code, j=interpreted, Vv=VM code, C=native code)
V  [jvm.dll+0x5fbcea]
V  [jvm.dll+0x731905]
V  [jvm.dll+0x732f1d]
V  [jvm.dll+0x7335d3]
V  [jvm.dll+0x247bf8]
V  [jvm.dll+0xc018c]
V  [jvm.dll+0xc06cc]
V  [jvm.dll+0x2bcc04]
V  [jvm.dll+0x5113a8]
V  [jvm.dll+0x208303]
V  [jvm.dll+0x201fe0]
V  [jvm.dll+0x1ff71f]
V  [jvm.dll+0x18868c]
V  [jvm.dll+0x20e0d7]
V  [jvm.dll+0x20c901]
V  [jvm.dll+0x6f9b7f]
V  [jvm.dll+0x6f26a5]
V  [jvm.dll+0x5fabf6]
C  [ucrtbase.dll+0x609e1]
C  [KERNEL32.DLL+0x124d8]
C  [ntdll.dll+0x4091]


---------------  P R O C E S S  ---------------

Threads class SMR info:
_java_thread_list=0x000001832160eca0, length=22, elements={
0x0000018304da8000, 0x000001831df60800, 0x000001831df6b800, 0x000001831df80800,
0x000001831df83000, 0x000001831df84000, 0x000001831df86000, 0x000001831df8e000,
0x000001831e908800, 0x000001831ea85000, 0x000001831ff8c000, 0x000001831fe51800,
0x000001831ff7c000, 0x000001831ffcb000, 0x0000018320025800, 0x000001831feb9800,
0x000001831febb800, 0x0000018320028800, 0x000001832024e800, 0x0000018320250800,
0x0000018320251000, 0x0000018322220800
}

Java Threads: ( => current thread )
  0x0000018304da8000 JavaThread "main" [_thread_blocked, id=6028, stack(0x000000268b000000,0x000000268b100000)]
  0x000001831df60800 JavaThread "Reference Handler" daemon [_thread_blocked, id=9856, stack(0x000000268b700000,0x000000268b800000)]
  0x000001831df6b800 JavaThread "Finalizer" daemon [_thread_blocked, id=328, stack(0x000000268b800000,0x000000268b900000)]
  0x000001831df80800 JavaThread "Signal Dispatcher" daemon [_thread_blocked, id=11592, stack(0x000000268b900000,0x000000268ba00000)]
  0x000001831df83000 JavaThread "Attach Listener" daemon [_thread_blocked, id=18160, stack(0x000000268ba00000,0x000000268bb00000)]
  0x000001831df84000 JavaThread "Service Thread" daemon [_thread_blocked, id=9900, stack(0x000000268bb00000,0x000000268bc00000)]
=>0x000001831df86000 JavaThread "C2 CompilerThread0" daemon [_thread_in_native, id=8068, stack(0x000000268bc00000,0x000000268bd00000)]
  0x000001831df8e000 JavaThread "C1 CompilerThread0" daemon [_thread_blocked, id=12148, stack(0x000000268bd00000,0x000000268be00000)]
  0x000001831e908800 JavaThread "Sweeper thread" daemon [_thread_blocked, id=16680, stack(0x000000268be00000,0x000000268bf00000)]
  0x000001831ea85000 JavaThread "Common-Cleaner" daemon [_thread_blocked, id=9708, stack(0x000000268c000000,0x000000268c100000)]
  0x000001831ff8c000 JavaThread "Incoming local TCP Connector on port 51994" [_thread_in_native, id=2852, stack(0x000000268c100000,0x000000268c200000)]
  0x000001831fe51800 JavaThread "Daemon periodic checks" [_thread_blocked, id=7840, stack(0x000000268c400000,0x000000268c500000)]
  0x000001831ff7c000 JavaThread "Daemon" [_thread_blocked, id=14612, stack(0x000000268c500000,0x000000268c600000)]
  0x000001831ffcb000 JavaThread "Handler for socket connection from /127.0.0.1:51994 to /127.0.0.1:51995" [_thread_in_native, id=856, stack(0x000000268c600000,0x000000268c700000)]
  0x0000018320025800 JavaThread "Cancel handler" [_thread_blocked, id=6004, stack(0x000000268c700000,0x000000268c800000)]
  0x000001831feb9800 JavaThread "Daemon worker" [_thread_in_vm, id=16428, stack(0x000000268c800000,0x000000268c900000)]
  0x000001831febb800 JavaThread "Asynchronous log dispatcher for DefaultDaemonConnection: socket connection from /127.0.0.1:51994 to /127.0.0.1:51995" [_thread_blocked, id=16756, stack(0x000000268c900000,0x000000268ca00000)]
  0x0000018320028800 JavaThread "Stdin handler" [_thread_blocked, id=17284, stack(0x000000268ca00000,0x000000268cb00000)]
  0x000001832024e800 JavaThread "Cache worker for file hash cache (C:\Users\suyas\.gradle\caches\4.8\fileHashes)" [_thread_blocked, id=3312, stack(0x000000268cb00000,0x000000268cc00000)]
  0x0000018320250800 JavaThread "File lock request listener" [_thread_in_native, id=18176, stack(0x000000268cc00000,0x000000268cd00000)]
  0x0000018320251000 JavaThread "Cache worker for file hash cache (D:\Downloads\BloodBankmaster\BloodBank-master\.gradle\4.8\fileHashes)" [_thread_blocked, id=10936, stack(0x000000268cd00000,0x000000268ce00000)]
  0x0000018322220800 JavaThread "C2 CompilerThread1" daemon [_thread_in_native, id=15404, stack(0x000000268d400000,0x000000268d500000)]

Other Threads:
  0x000001831df5e800 VMThread "VM Thread" [stack: 0x000000268b600000,0x000000268b700000] [id=2172]
  0x000001831ea5e800 WatcherThread [stack: 0x000000268bf00000,0x000000268c000000] [id=12568]
  0x0000018304dc2800 GCTaskThread "GC Thread#0" [stack: 0x000000268b100000,0x000000268b200000] [id=11080]
  0x000001831f201000 GCTaskThread "GC Thread#1" [stack: 0x000000268c200000,0x000000268c300000] [id=14000]
  0x000001831f283800 GCTaskThread "GC Thread#2" [stack: 0x000000268c300000,0x000000268c400000] [id=3448]
  0x000001832033c800 GCTaskThread "GC Thread#3" [stack: 0x000000268ce00000,0x000000268cf00000] [id=11380]
  0x000001832033d000 GCTaskThread "GC Thread#4" [stack: 0x000000268cf00000,0x000000268d000000] [id=11864]
  0x00000183201cc800 GCTaskThread "GC Thread#5" [stack: 0x000000268d000000,0x000000268d100000] [id=13252]
  0x00000183201cd800 GCTaskThread "GC Thread#6" [stack: 0x000000268d100000,0x000000268d200000] [id=12672]
  0x00000183201e8000 GCTaskThread "GC Thread#7" [stack: 0x000000268d200000,0x000000268d300000] [id=8572]
  0x0000018304df0800 ConcurrentGCThread "G1 Main Marker" [stack: 0x000000268b200000,0x000000268b300000] [id=14712]
  0x0000018304df3000 ConcurrentGCThread "G1 Conc#0" [stack: 0x000000268b300000,0x000000268b400000] [id=6012]
  0x000001831f55b000 ConcurrentGCThread "G1 Conc#1" [stack: 0x000000268d300000,0x000000268d400000] [id=9340]
  0x0000018304deb800 ConcurrentGCThread "G1 Refine#0" [stack: 0x000000268b400000,0x000000268b500000] [id=17672]
  0x000001831ddaa800 ConcurrentGCThread "G1 Young RemSet Sampling" [stack: 0x000000268b500000,0x000000268b600000] [id=3352]

Threads with active compile tasks:
C2 CompilerThread0   8654 2193       4       java.net.URLClassLoader$1::run (5 bytes)
C2 CompilerThread1   8654 2246   !   4       jdk.internal.loader.URLClassPath$JarLoader::getResource (65 bytes)

VM state:not at safepoint (normal execution)

VM Mutex/Monitor currently owned by a thread: None

Heap address: 0x00000000a0000000, size: 1536 MB, Compressed Oops mode: 32-bit
Narrow klass base: 0x0000000000000000, Narrow klass shift: 3
Compressed class space size: 1073741824 Address: 0x0000000100000000

Heap:
 garbage-first heap   total 129024K, used 30115K [0x00000000a0000000, 0x0000000100000000)
  region size 1024K, 9 young (9216K), 5 survivors (5120K)
 Metaspace       used 27823K, capacity 28445K, committed 28672K, reserved 1075200K
  class space    used 3560K, capacity 3745K, committed 3840K, reserved 1048576K
Heap Regions: E=young(eden), S=young(survivor), O=old, HS=humongous(starts), HC=humongous(continues), CS=collection set, F=free, A=archive, TAMS=top-at-mark-start (previous, next)
|   0|0x00000000a0000000, 0x00000000a0100000, 0x00000000a0100000|100%|HS|  |TAMS 0x00000000a0100000, 0x00000000a0000000| Complete 
|   1|0x00000000a0100000, 0x00000000a0200000, 0x00000000a0200000|100%|HC|  |TAMS 0x00000000a0200000, 0x00000000a0100000| Complete 
|   2|0x00000000a0200000, 0x00000000a0300000, 0x00000000a0300000|100%| O|  |TAMS 0x00000000a0300000, 0x00000000a0200000| Untracked 
|   3|0x00000000a0300000, 0x00000000a0400000, 0x00000000a0400000|100%| O|  |TAMS 0x00000000a03fba00, 0x00000000a0300000| Untracked 
|   4|0x00000000a0400000, 0x00000000a0500000, 0x00000000a0500000|100%|HS|  |TAMS 0x00000000a0400000, 0x00000000a0400000| Complete 
|   5|0x00000000a0500000, 0x00000000a0600000, 0x00000000a0600000|100%|HC|  |TAMS 0x00000000a0500000, 0x00000000a0500000| Complete 
|   6|0x00000000a0600000, 0x00000000a0700000, 0x00000000a0700000|100%|HS|  |TAMS 0x00000000a0600000, 0x00000000a0600000| Complete 
|   7|0x00000000a0700000, 0x00000000a0800000, 0x00000000a0800000|100%|HC|  |TAMS 0x00000000a0700000, 0x00000000a0700000| Complete 
|   8|0x00000000a0800000, 0x00000000a0900000, 0x00000000a0900000|100%|HC|  |TAMS 0x00000000a0800000, 0x00000000a0800000| Complete 
|   9|0x00000000a0900000, 0x00000000a0a00000, 0x00000000a0a00000|100%|HS|  |TAMS 0x00000000a0900000, 0x00000000a0900000| Complete 
|  10|0x00000000a0a00000, 0x00000000a0b00000, 0x00000000a0b00000|100%|HC|  |TAMS 0x00000000a0a00000, 0x00000000a0a00000| Complete 
|  11|0x00000000a0b00000, 0x00000000a0c00000, 0x00000000a0c00000|100%|HC|  |TAMS 0x00000000a0b00000, 0x00000000a0b00000| Complete 
|  12|0x00000000a0c00000, 0x00000000a0d00000, 0x00000000a0d00000|100%|HC|  |TAMS 0x00000000a0c00000, 0x00000000a0c00000| Complete 
|  13|0x00000000a0d00000, 0x00000000a0e00000, 0x00000000a0e00000|100%| O|  |TAMS 0x00000000a0d00000, 0x00000000a0d00000| Untracked 
|  14|0x00000000a0e00000, 0x00000000a0f00000, 0x00000000a0f00000|100%| O|  |TAMS 0x00000000a0e00000, 0x00000000a0e00000| Untracked 
|  15|0x00000000a0f00000, 0x00000000a1000000, 0x00000000a1000000|100%| O|  |TAMS 0x00000000a0f00000, 0x00000000a0f00000| Untracked 
|  16|0x00000000a1000000, 0x00000000a1100000, 0x00000000a1100000|100%| O|  |TAMS 0x00000000a1000000, 0x00000000a1000000| Untracked 
|  17|0x00000000a1100000, 0x00000000a1200000, 0x00000000a1200000|100%| O|  |TAMS 0x00000000a1100000, 0x00000000a1100000| Untracked 
|  18|0x00000000a1200000, 0x00000000a1300000, 0x00000000a1300000|100%| O|  |TAMS 0x00000000a1200000, 0x00000000a1200000| Untracked 
|  19|0x00000000a1300000, 0x00000000a1400000, 0x00000000a1400000|100%| O|  |TAMS 0x00000000a1300000, 0x00000000a1300000| Untracked 
|  20|0x00000000a1400000, 0x00000000a1500000, 0x00000000a1500000|100%| O|  |TAMS 0x00000000a1400000, 0x00000000a1400000| Untracked 
|  21|0x00000000a1500000, 0x00000000a15e8800, 0x00000000a1600000| 90%| O|  |TAMS 0x00000000a1500000, 0x00000000a1500000| Untracked 
|  22|0x00000000a1600000, 0x00000000a1600000, 0x00000000a1700000|  0%| F|  |TAMS 0x00000000a1600000, 0x00000000a1600000| Untracked 
|  23|0x00000000a1700000, 0x00000000a1700000, 0x00000000a1800000|  0%| F|  |TAMS 0x00000000a1700000, 0x00000000a1700000| Untracked 
|  24|0x00000000a1800000, 0x00000000a1800000, 0x00000000a1900000|  0%| F|  |TAMS 0x00000000a1800000, 0x00000000a1800000| Untracked 
|  25|0x00000000a1900000, 0x00000000a1900000, 0x00000000a1a00000|  0%| F|  |TAMS 0x00000000a1900000, 0x00000000a1900000| Untracked 
|  26|0x00000000a1a00000, 0x00000000a1a00000, 0x00000000a1b00000|  0%| F|  |TAMS 0x00000000a1a00000, 0x00000000a1a00000| Untracked 
|  27|0x00000000a1b00000, 0x00000000a1b00000, 0x00000000a1c00000|  0%| F|  |TAMS 0x00000000a1b00000, 0x00000000a1b00000| Untracked 
|  28|0x00000000a1c00000, 0x00000000a1c00000, 0x00000000a1d00000|  0%| F|  |TAMS 0x00000000a1c00000, 0x00000000a1c00000| Untracked 
|  29|0x00000000a1d00000, 0x00000000a1d00000, 0x00000000a1e00000|  0%| F|  |TAMS 0x00000000a1d00000, 0x00000000a1d00000| Untracked 
|  30|0x00000000a1e00000, 0x00000000a1e00000, 0x00000000a1f00000|  0%| F|  |TAMS 0x00000000a1e00000, 0x00000000a1e00000| Untracked 
|  31|0x00000000a1f00000, 0x00000000a1f00000, 0x00000000a2000000|  0%| F|  |TAMS 0x00000000a1f00000, 0x00000000a1f00000| Untracked 
|  32|0x00000000a2000000, 0x00000000a2000000, 0x00000000a2100000|  0%| F|  |TAMS 0x00000000a2000000, 0x00000000a2000000| Untracked 
|  33|0x00000000a2100000, 0x00000000a2100000, 0x00000000a2200000|  0%| F|  |TAMS 0x00000000a2100000, 0x00000000a2100000| Untracked 
|  34|0x00000000a2200000, 0x00000000a2200000, 0x00000000a2300000|  0%| F|  |TAMS 0x00000000a2200000, 0x00000000a2200000| Untracked 
|  35|0x00000000a2300000, 0x00000000a2300000, 0x00000000a2400000|  0%| F|  |TAMS 0x00000000a2300000, 0x00000000a2300000| Untracked 
|  36|0x00000000a2400000, 0x00000000a2400000, 0x00000000a2500000|  0%| F|  |TAMS 0x00000000a2400000, 0x00000000a2400000| Untracked 
|  37|0x00000000a2500000, 0x00000000a2500000, 0x00000000a2600000|  0%| F|  |TAMS 0x00000000a2500000, 0x00000000a2500000| Untracked 
|  38|0x00000000a2600000, 0x00000000a2600000, 0x00000000a2700000|  0%| F|  |TAMS 0x00000000a2600000, 0x00000000a2600000| Untracked 
|  39|0x00000000a2700000, 0x00000000a2700000, 0x00000000a2800000|  0%| F|  |TAMS 0x00000000a2700000, 0x00000000a2700000| Untracked 
|  40|0x00000000a2800000, 0x00000000a2800000, 0x00000000a2900000|  0%| F|  |TAMS 0x00000000a2800000, 0x00000000a2800000| Untracked 
|  41|0x00000000a2900000, 0x00000000a2900000, 0x00000000a2a00000|  0%| F|  |TAMS 0x00000000a2900000, 0x00000000a2900000| Untracked 
|  42|0x00000000a2a00000, 0x00000000a2a00000, 0x00000000a2b00000|  0%| F|  |TAMS 0x00000000a2a00000, 0x00000000a2a00000| Untracked 
|  43|0x00000000a2b00000, 0x00000000a2b00000, 0x00000000a2c00000|  0%| F|  |TAMS 0x00000000a2b00000, 0x00000000a2b00000| Untracked 
|  44|0x00000000a2c00000, 0x00000000a2c00000, 0x00000000a2d00000|  0%| F|  |TAMS 0x00000000a2c00000, 0x00000000a2c00000| Untracked 
|  45|0x00000000a2d00000, 0x00000000a2d00000, 0x00000000a2e00000|  0%| F|  |TAMS 0x00000000a2d00000, 0x00000000a2d00000| Untracked 
|  46|0x00000000a2e00000, 0x00000000a2e00000, 0x00000000a2f00000|  0%| F|  |TAMS 0x00000000a2e00000, 0x00000000a2e00000| Untracked 
|  47|0x00000000a2f00000, 0x00000000a2f00000, 0x00000000a3000000|  0%| F|  |TAMS 0x00000000a2f00000, 0x00000000a2f00000| Untracked 
|  48|0x00000000a3000000, 0x00000000a3000000, 0x00000000a3100000|  0%| F|  |TAMS 0x00000000a3000000, 0x00000000a3000000| Untracked 
|  49|0x00000000a3100000, 0x00000000a3100000, 0x00000000a3200000|  0%| F|  |TAMS 0x00000000a3100000, 0x00000000a3100000| Untracked 
|  50|0x00000000a3200000, 0x00000000a3200000, 0x00000000a3300000|  0%| F|  |TAMS 0x00000000a3200000, 0x00000000a3200000| Untracked 
|  51|0x00000000a3300000, 0x00000000a3300000, 0x00000000a3400000|  0%| F|  |TAMS 0x00000000a3300000, 0x00000000a3300000| Untracked 
|  52|0x00000000a3400000, 0x00000000a3400000, 0x00000000a3500000|  0%| F|  |TAMS 0x00000000a3400000, 0x00000000a3400000| Untracked 
|  53|0x00000000a3500000, 0x00000000a3500000, 0x00000000a3600000|  0%| F|  |TAMS 0x00000000a3500000, 0x00000000a3500000| Untracked 
|  54|0x00000000a3600000, 0x00000000a3600000, 0x00000000a3700000|  0%| F|  |TAMS 0x00000000a3600000, 0x00000000a3600000| Untracked 
|  55|0x00000000a3700000, 0x00000000a3700000, 0x00000000a3800000|  0%| F|  |TAMS 0x00000000a3700000, 0x00000000a3700000| Untracked 
|  56|0x00000000a3800000, 0x00000000a3800000, 0x00000000a3900000|  0%| F|  |TAMS 0x00000000a3800000, 0x00000000a3800000| Untracked 
|  57|0x00000000a3900000, 0x00000000a3900000, 0x00000000a3a00000|  0%| F|  |TAMS 0x00000000a3900000, 0x00000000a3900000| Untracked 
|  58|0x00000000a3a00000, 0x00000000a3a00000, 0x00000000a3b00000|  0%| F|  |TAMS 0x00000000a3a00000, 0x00000000a3a00000| Untracked 
|  59|0x00000000a3b00000, 0x00000000a3b00000, 0x00000000a3c00000|  0%| F|  |TAMS 0x00000000a3b00000, 0x00000000a3b00000| Untracked 
|  60|0x00000000a3c00000, 0x00000000a3c00000, 0x00000000a3d00000|  0%| F|  |TAMS 0x00000000a3c00000, 0x00000000a3c00000| Untracked 
|  61|0x00000000a3d00000, 0x00000000a3d00000, 0x00000000a3e00000|  0%| F|  |TAMS 0x00000000a3d00000, 0x00000000a3d00000| Untracked 
|  62|0x00000000a3e00000, 0x00000000a3e00000, 0x00000000a3f00000|  0%| F|  |TAMS 0x00000000a3e00000, 0x00000000a3e00000| Untracked 
|  63|0x00000000a3f00000, 0x00000000a3f00000, 0x00000000a4000000|  0%| F|  |TAMS 0x00000000a3f00000, 0x00000000a3f00000| Untracked 
|  64|0x00000000a4000000, 0x00000000a4000000, 0x00000000a4100000|  0%| F|  |TAMS 0x00000000a4000000, 0x00000000a4000000| Untracked 
|  65|0x00000000a4100000, 0x00000000a4100000, 0x00000000a4200000|  0%| F|  |TAMS 0x00000000a4100000, 0x00000000a4100000| Untracked 
|  66|0x00000000a4200000, 0x00000000a4200000, 0x00000000a4300000|  0%| F|  |TAMS 0x00000000a4200000, 0x00000000a4200000| Untracked 
|  67|0x00000000a4300000, 0x00000000a4300000, 0x00000000a4400000|  0%| F|  |TAMS 0x00000000a4300000, 0x00000000a4300000| Untracked 
|  68|0x00000000a4400000, 0x00000000a4400000, 0x00000000a4500000|  0%| F|  |TAMS 0x00000000a4400000, 0x00000000a4400000| Untracked 
|  69|0x00000000a4500000, 0x00000000a4500000, 0x00000000a4600000|  0%| F|  |TAMS 0x00000000a4500000, 0x00000000a4500000| Untracked 
|  70|0x00000000a4600000, 0x00000000a4600000, 0x00000000a4700000|  0%| F|  |TAMS 0x00000000a4600000, 0x00000000a4600000| Untracked 
|  71|0x00000000a4700000, 0x00000000a4700000, 0x00000000a4800000|  0%| F|  |TAMS 0x00000000a4700000, 0x00000000a4700000| Untracked 
|  72|0x00000000a4800000, 0x00000000a4800000, 0x00000000a4900000|  0%| F|  |TAMS 0x00000000a4800000, 0x00000000a4800000| Untracked 
|  73|0x00000000a4900000, 0x00000000a4900000, 0x00000000a4a00000|  0%| F|  |TAMS 0x00000000a4900000, 0x00000000a4900000| Untracked 
|  74|0x00000000a4a00000, 0x00000000a4a00000, 0x00000000a4b00000|  0%| F|  |TAMS 0x00000000a4a00000, 0x00000000a4a00000| Untracked 
|  75|0x00000000a4b00000, 0x00000000a4b00000, 0x00000000a4c00000|  0%| F|  |TAMS 0x00000000a4b00000, 0x00000000a4b00000| Untracked 
|  76|0x00000000a4c00000, 0x00000000a4c00000, 0x00000000a4d00000|  0%| F|  |TAMS 0x00000000a4c00000, 0x00000000a4c00000| Untracked 
|  77|0x00000000a4d00000, 0x00000000a4d00000, 0x00000000a4e00000|  0%| F|  |TAMS 0x00000000a4d00000, 0x00000000a4d00000| Untracked 
|  78|0x00000000a4e00000, 0x00000000a4e00000, 0x00000000a4f00000|  0%| F|  |TAMS 0x00000000a4e00000, 0x00000000a4e00000| Untracked 
|  79|0x00000000a4f00000, 0x00000000a4f00000, 0x00000000a5000000|  0%| F|  |TAMS 0x00000000a4f00000, 0x00000000a4f00000| Untracked 
|  80|0x00000000a5000000, 0x00000000a5000000, 0x00000000a5100000|  0%| F|  |TAMS 0x00000000a5000000, 0x00000000a5000000| Untracked 
|  81|0x00000000a5100000, 0x00000000a5100000, 0x00000000a5200000|  0%| F|  |TAMS 0x00000000a5100000, 0x00000000a5100000| Untracked 
|  82|0x00000000a5200000, 0x00000000a5200000, 0x00000000a5300000|  0%| F|  |TAMS 0x00000000a5200000, 0x00000000a5200000| Untracked 
|  83|0x00000000a5300000, 0x00000000a5300000, 0x00000000a5400000|  0%| F|  |TAMS 0x00000000a5300000, 0x00000000a5300000| Untracked 
|  84|0x00000000a5400000, 0x00000000a5400000, 0x00000000a5500000|  0%| F|  |TAMS 0x00000000a5400000, 0x00000000a5400000| Untracked 
|  85|0x00000000a5500000, 0x00000000a5500000, 0x00000000a5600000|  0%| F|  |TAMS 0x00000000a5500000, 0x00000000a5500000| Untracked 
|  86|0x00000000a5600000, 0x00000000a5600000, 0x00000000a5700000|  0%| F|  |TAMS 0x00000000a5600000, 0x00000000a5600000| Untracked 
|  87|0x00000000a5700000, 0x00000000a5700000, 0x00000000a5800000|  0%| F|  |TAMS 0x00000000a5700000, 0x00000000a5700000| Untracked 
|  88|0x00000000a5800000, 0x00000000a5880790, 0x00000000a5900000| 50%| S|CS|TAMS 0x00000000a5800000, 0x00000000a5800000| Complete 
|  89|0x00000000a5900000, 0x00000000a5a00000, 0x00000000a5a00000|100%| S|CS|TAMS 0x00000000a5900000, 0x00000000a5900000| Complete 
|  90|0x00000000a5a00000, 0x00000000a5b00000, 0x00000000a5b00000|100%| S|CS|TAMS 0x00000000a5a00000, 0x00000000a5a00000| Complete 
|  91|0x00000000a5b00000, 0x00000000a5c00000, 0x00000000a5c00000|100%| S|CS|TAMS 0x00000000a5b00000, 0x00000000a5b00000| Complete 
|  92|0x00000000a5c00000, 0x00000000a5d00000, 0x00000000a5d00000|100%| S|CS|TAMS 0x00000000a5c00000, 0x00000000a5c00000| Complete 
|  93|0x00000000a5d00000, 0x00000000a5d00000, 0x00000000a5e00000|  0%| F|  |TAMS 0x00000000a5d00000, 0x00000000a5d00000| Untracked 
|  94|0x00000000a5e00000, 0x00000000a5e00000, 0x00000000a5f00000|  0%| F|  |TAMS 0x00000000a5e00000, 0x00000000a5e00000| Untracked 
|  95|0x00000000a5f00000, 0x00000000a5f00000, 0x00000000a6000000|  0%| F|  |TAMS 0x00000000a5f00000, 0x00000000a5f00000| Untracked 
|  96|0x00000000a6000000, 0x00000000a6000000, 0x00000000a6100000|  0%| F|  |TAMS 0x00000000a6000000, 0x00000000a6000000| Untracked 
|  97|0x00000000a6100000, 0x00000000a6100000, 0x00000000a6200000|  0%| F|  |TAMS 0x00000000a6100000, 0x00000000a6100000| Untracked 
|  98|0x00000000a6200000, 0x00000000a6200000, 0x00000000a6300000|  0%| F|  |TAMS 0x00000000a6200000, 0x00000000a6200000| Untracked 
|  99|0x00000000a6300000, 0x00000000a6300000, 0x00000000a6400000|  0%| F|  |TAMS 0x00000000a6300000, 0x00000000a6300000| Untracked 
| 100|0x00000000a6400000, 0x00000000a6400000, 0x00000000a6500000|  0%| F|  |TAMS 0x00000000a6400000, 0x00000000a6400000| Untracked 
| 101|0x00000000a6500000, 0x00000000a6500000, 0x00000000a6600000|  0%| F|  |TAMS 0x00000000a6500000, 0x00000000a6500000| Untracked 
| 102|0x00000000a6600000, 0x00000000a6600000, 0x00000000a6700000|  0%| F|  |TAMS 0x00000000a6600000, 0x00000000a6600000| Untracked 
| 103|0x00000000a6700000, 0x00000000a6700000, 0x00000000a6800000|  0%| F|  |TAMS 0x00000000a6700000, 0x00000000a6700000| Untracked 
| 104|0x00000000a6800000, 0x00000000a6800000, 0x00000000a6900000|  0%| F|  |TAMS 0x00000000a6800000, 0x00000000a6800000| Untracked 
| 105|0x00000000a6900000, 0x00000000a6900000, 0x00000000a6a00000|  0%| F|  |TAMS 0x00000000a6900000, 0x00000000a6900000| Untracked 
| 106|0x00000000a6a00000, 0x00000000a6a00000, 0x00000000a6b00000|  0%| F|  |TAMS 0x00000000a6a00000, 0x00000000a6a00000| Untracked 
| 107|0x00000000a6b00000, 0x00000000a6b00000, 0x00000000a6c00000|  0%| F|  |TAMS 0x00000000a6b00000, 0x00000000a6b00000| Untracked 
| 108|0x00000000a6c00000, 0x00000000a6c00000, 0x00000000a6d00000|  0%| F|  |TAMS 0x00000000a6c00000, 0x00000000a6c00000| Untracked 
| 109|0x00000000a6d00000, 0x00000000a6d00000, 0x00000000a6e00000|  0%| F|  |TAMS 0x00000000a6d00000, 0x00000000a6d00000| Untracked 
| 110|0x00000000a6e00000, 0x00000000a6e00000, 0x00000000a6f00000|  0%| F|  |TAMS 0x00000000a6e00000, 0x00000000a6e00000| Untracked 
| 111|0x00000000a6f00000, 0x00000000a6f00000, 0x00000000a7000000|  0%| F|  |TAMS 0x00000000a6f00000, 0x00000000a6f00000| Untracked 
| 112|0x00000000a7000000, 0x00000000a7000000, 0x00000000a7100000|  0%| F|  |TAMS 0x00000000a7000000, 0x00000000a7000000| Untracked 
| 113|0x00000000a7100000, 0x00000000a7100000, 0x00000000a7200000|  0%| F|  |TAMS 0x00000000a7100000, 0x00000000a7100000| Untracked 
| 114|0x00000000a7200000, 0x00000000a7200000, 0x00000000a7300000|  0%| F|  |TAMS 0x00000000a7200000, 0x00000000a7200000| Untracked 
| 115|0x00000000a7300000, 0x00000000a7300000, 0x00000000a7400000|  0%| F|  |TAMS 0x00000000a7300000, 0x00000000a7300000| Untracked 
| 116|0x00000000a7400000, 0x00000000a7400000, 0x00000000a7500000|  0%| F|  |TAMS 0x00000000a7400000, 0x00000000a7400000| Untracked 
| 117|0x00000000a7500000, 0x00000000a7500000, 0x00000000a7600000|  0%| F|  |TAMS 0x00000000a7500000, 0x00000000a7500000| Untracked 
| 118|0x00000000a7600000, 0x00000000a7600000, 0x00000000a7700000|  0%| F|  |TAMS 0x00000000a7600000, 0x00000000a7600000| Untracked 
| 119|0x00000000a7700000, 0x00000000a7700000, 0x00000000a7800000|  0%| F|  |TAMS 0x00000000a7700000, 0x00000000a7700000| Untracked 
| 120|0x00000000a7800000, 0x00000000a7800000, 0x00000000a7900000|  0%| F|  |TAMS 0x00000000a7800000, 0x00000000a7800000| Untracked 
| 121|0x00000000a7900000, 0x00000000a7980800, 0x00000000a7a00000| 50%| E|  |TAMS 0x00000000a7900000, 0x00000000a7900000| Complete 
| 122|0x00000000a7a00000, 0x00000000a7b00000, 0x00000000a7b00000|100%| E|CS|TAMS 0x00000000a7a00000, 0x00000000a7a00000| Complete 
| 123|0x00000000a7b00000, 0x00000000a7c00000, 0x00000000a7c00000|100%| E|CS|TAMS 0x00000000a7b00000, 0x00000000a7b00000| Complete 
| 124|0x00000000a7c00000, 0x00000000a7d00000, 0x00000000a7d00000|100%| E|CS|TAMS 0x00000000a7c00000, 0x00000000a7c00000| Complete 
| 125|0x00000000a7d00000, 0x00000000a7e00000, 0x00000000a7e00000|100%| E|CS|TAMS 0x00000000a7d00000, 0x00000000a7d00000| Complete 

Card table byte_map: [0x0000018317ef0000,0x00000183181f0000] _byte_map_base: 0x00000183179f0000

Marking Bits (Prev, Next): (CMBitMap*) 0x0000018304de3050, (CMBitMap*) 0x0000018304de3018
 Prev Bits: [0x0000018319cf0000, 0x000001831b4f0000)
 Next Bits: [0x00000183184f0000, 0x0000018319cf0000)

Polling page: 0x0000018302d50000

Metaspace:

Usage:
  Non-class:     24.12 MB capacity,    23.70 MB ( 98%) used,   387.10 KB (  2%) free+waste,    43.75 KB ( <1%) overhead. 
      Class:      3.66 MB capacity,     3.48 MB ( 95%) used,   163.68 KB (  4%) free+waste,    20.63 KB ( <1%) overhead. 
       Both:     27.78 MB capacity,    27.18 MB ( 98%) used,   550.78 KB (  2%) free+waste,    64.38 KB ( <1%) overhead. 

Virtual space:
  Non-class space:       26.00 MB reserved,      24.25 MB ( 93%) committed 
      Class space:        1.00 GB reserved,       3.75 MB ( <1%) committed 
             Both:        1.03 GB reserved,      28.00 MB (  3%) committed 

Chunk freelists:
   Non-Class:  4.00 KB
       Class:  1.00 KB
        Both:  5.00 KB

MaxMetaspaceSize: 17179869184.00 GB
CompressedClassSpaceSize: 1.00 GB
Initial GC threshold: 20.80 MB
Current GC threshold: 35.00 MB
CDS: off

CodeHeap 'non-profiled nmethods': size=120000Kb used=972Kb max_used=972Kb free=119027Kb
 bounds [0x0000018310380000, 0x00000183105f0000, 0x00000183178b0000]
CodeHeap 'profiled nmethods': size=120000Kb used=4673Kb max_used=4673Kb free=115326Kb
 bounds [0x0000018308e50000, 0x00000183092f0000, 0x0000018310380000]
CodeHeap 'non-nmethods': size=5760Kb used=1206Kb max_used=1232Kb free=4553Kb
 bounds [0x00000183088b0000, 0x0000018308b20000, 0x0000018308e50000]
 total_blobs=2733 nmethods=2260 adapters=385
 compilation: enabled
              stopped_count=0, restarted_count=0
 full_count=0

Compilation events (20 events):
Event: 7.547 Thread 0x000001831df8e000 nmethod 2234 0x0000018310471210 code [0x00000183104713c0, 0x0000018310471478]
Event: 7.547 Thread 0x000001831df8e000 2235       3       java.util.regex.Pattern::sequence (645 bytes)
Event: 7.554 Thread 0x000001831df8e000 nmethod 2235 0x00000183092bf610 code [0x00000183092bfda0, 0x00000183092c4768]
Event: 7.554 Thread 0x000001831df8e000 2239       3       java.lang.ref.ReferenceQueue::reallyPoll (65 bytes)
Event: 7.554 Thread 0x000001831df8e000 nmethod 2239 0x00000183092c5c10 code [0x00000183092c5e00, 0x00000183092c62f8]
Event: 7.554 Thread 0x000001831df8e000 2238       3       org.objectweb.asm.Frame::getLocal (46 bytes)
Event: 7.554 Thread 0x000001831df8e000 nmethod 2238 0x00000183092c6410 code [0x00000183092c65c0, 0x00000183092c67b8]
Event: 7.554 Thread 0x000001831df8e000 2237       3       org.objectweb.asm.Frame::merge (322 bytes)
Event: 7.555 Thread 0x000001831df8e000 nmethod 2237 0x00000183092c6890 code [0x00000183092c6ac0, 0x00000183092c7338]
Event: 7.555 Thread 0x000001831df8e000 2236       3       org.objectweb.asm.Type::getType (195 bytes)
Event: 7.556 Thread 0x000001831df8e000 nmethod 2236 0x00000183092c7510 code [0x00000183092c7740, 0x00000183092c8028]
Event: 7.565 Thread 0x000001831df8e000 2240   !   3       java.util.zip.ZipFile::getMetaInfEntryNames (106 bytes)
Event: 7.566 Thread 0x000001831df8e000 nmethod 2240 0x00000183092c8290 code [0x00000183092c84a0, 0x00000183092c8d38]
Event: 7.567 Thread 0x000001831df8e000 2241       3       java.util.WeakHashMap::eq (19 bytes)
Event: 7.567 Thread 0x000001831df8e000 nmethod 2241 0x00000183092c9290 code [0x00000183092c9460, 0x00000183092c9688]
Event: 7.567 Thread 0x000001831df8e000 2242       3       java.util.regex.Pattern$BmpCharPredicate$$Lambda$9/0x0000000100063040::is (13 bytes)
Event: 7.568 Thread 0x000001831df8e000 nmethod 2242 0x00000183092c9790 code [0x00000183092c9980, 0x00000183092c9d58]
Event: 7.568 Thread 0x000001831df8e000 2243       3       java.util.regex.Pattern$BmpCharPredicate::lambda$union$2 (26 bytes)
Event: 7.568 Thread 0x000001831df8e000 nmethod 2243 0x00000183092c9e90 code [0x00000183092ca060, 0x00000183092ca378]
Event: 7.703 Thread 0x000001831df8e000 2244       3       java.util.concurrent.ConcurrentLinkedQueue::poll (84 bytes)

GC Heap History (6 events):
Event: 1.392 GC heap before
{Heap before GC invocations=0 (full 0):
 garbage-first heap   total 129024K, used 25600K [0x00000000a0000000, 0x0000000100000000)
  region size 1024K, 24 young (24576K), 0 survivors (0K)
 Metaspace       used 10353K, capacity 10597K, committed 10880K, reserved 1058816K
  class space    used 1086K, capacity 1124K, committed 1152K, reserved 1048576K
}
Event: 1.401 GC heap after
{Heap after GC invocations=1 (full 0):
 garbage-first heap   total 129024K, used 7150K [0x00000000a0000000, 0x0000000100000000)
  region size 1024K, 3 young (3072K), 3 survivors (3072K)
 Metaspace       used 10353K, capacity 10597K, committed 10880K, reserved 1058816K
  class space    used 1086K, capacity 1124K, committed 1152K, reserved 1048576K
}
Event: 5.292 GC heap before
{Heap before GC invocations=1 (full 0):
 garbage-first heap   total 129024K, used 70638K [0x00000000a0000000, 0x0000000100000000)
  region size 1024K, 67 young (68608K), 3 survivors (3072K)
 Metaspace       used 20772K, capacity 21198K, committed 21248K, reserved 1067008K
  class space    used 2640K, capacity 2809K, committed 2816K, reserved 1048576K
}
Event: 5.307 GC heap after
{Heap after GC invocations=2 (full 0):
 garbage-first heap   total 129024K, used 13434K [0x00000000a0000000, 0x0000000100000000)
  region size 1024K, 10 young (10240K), 10 survivors (10240K)
 Metaspace       used 20772K, capacity 21198K, committed 21248K, reserved 1067008K
  class space    used 2640K, capacity 2809K, committed 2816K, reserved 1048576K
}
Event: 7.475 GC heap before
{Heap before GC invocations=3 (full 0):
 garbage-first heap   total 129024K, used 55418K [0x00000000a0000000, 0x0000000100000000)
  region size 1024K, 43 young (44032K), 10 survivors (10240K)
 Metaspace       used 27385K, capacity 27926K, committed 28032K, reserved 1073152K
  class space    used 3496K, capacity 3679K, committed 3712K, reserved 1048576K
}
Event: 7.486 GC heap after
{Heap after GC invocations=4 (full 0):
 garbage-first heap   total 129024K, used 27043K [0x00000000a0000000, 0x0000000100000000)
  region size 1024K, 5 young (5120K), 5 survivors (5120K)
 Metaspace       used 27385K, capacity 27926K, committed 28032K, reserved 1073152K
  class space    used 3496K, capacity 3679K, committed 3712K, reserved 1048576K
}

Deoptimization events (20 events):
Event: 5.920 Thread 0x000001831feb9800 Uncommon trap: trap_request=0xffffffc6 fr.pc=0x00000183103dda00 relative=0x00000000000008e0
Event: 5.920 Thread 0x000001831feb9800 Uncommon trap: reason=bimorphic_or_optimized_type_check action=maybe_recompile pc=0x00000183103dda00 method=java.util.Properties$LineReader.readLine()I @ 530 c2
Event: 5.920 Thread 0x000001831feb9800 DEOPT PACKING pc=0x00000183103dda00 sp=0x000000268c8fc150
Event: 5.920 Thread 0x000001831feb9800 DEOPT UNPACKING pc=0x00000183088fa1af sp=0x000000268c8fc0a8 mode 2
Event: 7.460 Thread 0x000001831feb9800 Uncommon trap: trap_request=0xffffff4d fr.pc=0x00000183103dd8cc relative=0x00000000000007ac
Event: 7.460 Thread 0x000001831feb9800 Uncommon trap: reason=unstable_if action=reinterpret pc=0x00000183103dd8cc method=java.util.Properties$LineReader.readLine()I @ 160 c2
Event: 7.460 Thread 0x000001831feb9800 DEOPT PACKING pc=0x00000183103dd8cc sp=0x000000268c8f91c0
Event: 7.460 Thread 0x000001831feb9800 DEOPT UNPACKING pc=0x00000183088fa1af sp=0x000000268c8f9120 mode 2
Event: 7.460 Thread 0x000001831feb9800 Uncommon trap: trap_request=0xffffff4d fr.pc=0x00000183103d2dfc relative=0x0000000000000a5c
Event: 7.460 Thread 0x000001831feb9800 Uncommon trap: reason=unstable_if action=reinterpret pc=0x00000183103d2dfc method=java.util.Properties$LineReader.readLine()I @ 160 c2
Event: 7.460 Thread 0x000001831feb9800 DEOPT PACKING pc=0x00000183103d2dfc sp=0x000000268c8f9190
Event: 7.460 Thread 0x000001831feb9800 DEOPT UNPACKING pc=0x00000183088fa1af sp=0x000000268c8f9120 mode 2
Event: 7.461 Thread 0x000001831feb9800 Uncommon trap: trap_request=0xffffff4d fr.pc=0x00000183103b1da0 relative=0x0000000000000560
Event: 7.462 Thread 0x000001831feb9800 Uncommon trap: reason=unstable_if action=reinterpret pc=0x00000183103b1da0 method=java.lang.AbstractStringBuilder.append(Ljava/lang/String;)Ljava/lang/AbstractStringBuilder; @ 1 c2
Event: 7.462 Thread 0x000001831feb9800 DEOPT PACKING pc=0x00000183103b1da0 sp=0x000000268c8f9010
Event: 7.462 Thread 0x000001831feb9800 DEOPT UNPACKING pc=0x00000183088fa1af sp=0x000000268c8f8f90 mode 2
Event: 7.462 Thread 0x000001831feb9800 Uncommon trap: trap_request=0xffffff4d fr.pc=0x00000183103b3178 relative=0x0000000000000538
Event: 7.462 Thread 0x000001831feb9800 Uncommon trap: reason=unstable_if action=reinterpret pc=0x00000183103b3178 method=java.lang.AbstractStringBuilder.append(Ljava/lang/String;)Ljava/lang/AbstractStringBuilder; @ 1 c2
Event: 7.462 Thread 0x000001831feb9800 DEOPT PACKING pc=0x00000183103b3178 sp=0x000000268c8f8fb0
Event: 7.462 Thread 0x000001831feb9800 DEOPT UNPACKING pc=0x00000183088fa1af sp=0x000000268c8f8f98 mode 2

Classes redefined (0 events):
No events

Internal exceptions (20 events):
Event: 5.885 Thread 0x000001831feb9800 Exception <a 'java/lang/NoSuchMethodError'{0x00000000a6e267c8}: <clinit>> (0x00000000a6e267c8) thrown at [./src/hotspot/share/prims/jni.cpp, line 1365]
Event: 5.885 Thread 0x000001831feb9800 Exception <a 'java/lang/NoSuchMethodError'{0x00000000a6e27ab8}: <clinit>> (0x00000000a6e27ab8) thrown at [./src/hotspot/share/prims/jni.cpp, line 1365]
Event: 5.885 Thread 0x000001831feb9800 Exception <a 'java/lang/NoSuchMethodError'{0x00000000a6e28f70}: <clinit>> (0x00000000a6e28f70) thrown at [./src/hotspot/share/prims/jni.cpp, line 1365]
Event: 5.885 Thread 0x000001831feb9800 Exception <a 'java/lang/NoSuchMethodError'{0x00000000a6e2a360}: <clinit>> (0x00000000a6e2a360) thrown at [./src/hotspot/share/prims/jni.cpp, line 1365]
Event: 7.352 Thread 0x000001831feb9800 Exception <a 'java/lang/NoSuchMethodError'{0x00000000a6075f78}: 'java.lang.Object java.lang.invoke.DirectMethodHandle$Holder.invokeStatic(java.lang.Object, java.lang.Object, java.lang.Object, java.lang.Object, java.lang.Object, java.lang.Object, java.lang.Object, java.lang.Object, java.lang.Object, java.lang.Object, java.lang.Object, int)'> (0x00000000a6075f78) thrown at [./src/hotspot/share/interpreter/linkResolver.cpp, line 773]
Event: 7.354 Thread 0x000001831feb9800 Exception <a 'java/lang/NoSuchMethodError'{0x00000000a6094b70}: 'java.lang.Object java.lang.invoke.DirectMethodHandle$Holder.invokeStatic(java.lang.Object, java.lang.Object, java.lang.Object, java.lang.Object, java.lang.Object, java.lang.Object, java.lang.Object, java.lang.Object, java.lang.Object, java.lang.Object, java.lang.Object, int, int)'> (0x00000000a6094b70) thrown at [./src/hotspot/share/interpreter/linkResolver.cpp, line 773]
Event: 7.358 Thread 0x000001831feb9800 Exception <a 'java/lang/NoSuchMethodError'{0x00000000a60b4298}: 'java.lang.Object java.lang.invoke.DirectMethodHandle$Holder.invokeStatic(java.lang.Object, java.lang.Object, java.lang.Object, java.lang.Object, java.lang.Object, java.lang.Object, java.lang.Object, java.lang.Object, java.lang.Object, java.lang.Object, java.lang.Object, int, int, java.lang.Object)'> (0x00000000a60b4298) thrown at [./src/hotspot/share/interpreter/linkResolver.cpp, line 773]
Event: 7.363 Thread 0x000001831feb9800 Exception <a 'java/lang/NoSuchMethodError'{0x00000000a60d5118}: 'java.lang.Object java.lang.invoke.DirectMethodHandle$Holder.invokeStatic(java.lang.Object, java.lang.Object, java.lang.Object, java.lang.Object, java.lang.Object, java.lang.Object, java.lang.Object, java.lang.Object, java.lang.Object, java.lang.Object, java.lang.Object, int, int, java.lang.Object, java.lang.Object)'> (0x00000000a60d5118) thrown at [./src/hotspot/share/interpreter/linkResolver.cpp, line 773]
Event: 7.366 Thread 0x000001831feb9800 Exception <a 'java/lang/ClassNotFoundException'{0x00000000a60eb118}: groovy/lang/ExpandoMetaClassBeanInfo> (0x00000000a60eb118) thrown at [./src/hotspot/share/classfile/systemDictionary.cpp, line 231]
Event: 7.366 Thread 0x000001831feb9800 Exception <a 'java/lang/ClassNotFoundException'{0x00000000a60f5040}: groovy/lang/MetaClassImplBeanInfo> (0x00000000a60f5040) thrown at [./src/hotspot/share/classfile/systemDictionary.cpp, line 231]
Event: 7.366 Thread 0x000001831feb9800 Exception <a 'java/lang/ClassNotFoundException'{0x00000000a60fa600}: java/lang/ObjectBeanInfo> (0x00000000a60fa600) thrown at [./src/hotspot/share/classfile/systemDictionary.cpp, line 231]
Event: 7.367 Thread 0x000001831feb9800 Exception <a 'java/lang/ClassNotFoundException'{0x00000000a5f01cd8}: java/lang/ObjectCustomizer> (0x00000000a5f01cd8) thrown at [./src/hotspot/share/classfile/systemDictionary.cpp, line 231]
Event: 7.377 Thread 0x000001831feb9800 Exception <a 'java/lang/ClassNotFoundException'{0x00000000a5f1c198}: groovy/lang/MetaClassImplCustomizer> (0x00000000a5f1c198) thrown at [./src/hotspot/share/classfile/systemDictionary.cpp, line 231]
Event: 7.380 Thread 0x000001831feb9800 Exception <a 'java/lang/ClassNotFoundException'{0x00000000a5f47e18}: groovy/lang/ExpandoMetaClassCustomizer> (0x00000000a5f47e18) thrown at [./src/hotspot/share/classfile/systemDictionary.cpp, line 231]
Event: 7.391 Thread 0x000001831feb9800 Exception <a 'java/lang/ClassNotFoundException'{0x00000000a5fbb950}: org/gradle/api/internal/plugins/DefaultExtraPropertiesExtensionBeanInfo> (0x00000000a5fbb950) thrown at [./src/hotspot/share/classfile/systemDictionary.cpp, line 231]
Event: 7.391 Thread 0x000001831feb9800 Exception <a 'java/lang/ClassNotFoundException'{0x00000000a5fc61a8}: groovy/lang/GroovyObjectSupportBeanInfo> (0x00000000a5fc61a8) thrown at [./src/hotspot/share/classfile/systemDictionary.cpp, line 231]
Event: 7.392 Thread 0x000001831feb9800 Exception <a 'java/lang/ClassNotFoundException'{0x00000000a5fd0a48}: groovy/lang/GroovyObjectSupportCustomizer> (0x00000000a5fd0a48) thrown at [./src/hotspot/share/classfile/systemDictionary.cpp, line 231]
Event: 7.393 Thread 0x000001831feb9800 Exception <a 'java/lang/ClassNotFoundException'{0x00000000a5fe19f8}: org/gradle/api/internal/plugins/DefaultExtraPropertiesExtensionCustomizer> (0x00000000a5fe19f8) thrown at [./src/hotspot/share/classfile/systemDictionary.cpp, line 231]
Event: 7.461 Thread 0x000001831feb9800 Implicit null exception at 0x00000183103b1874 to 0x00000183103b1d88
Event: 7.462 Thread 0x000001831feb9800 Implicit null exception at 0x00000183103b2c74 to 0x00000183103b3160

Events (20 events):
Event: 7.560 loading class org/gradle/api/internal/collections/IterationOrderRetainingSetElementSource done
Event: 7.560 loading class org/gradle/api/internal/collections/DefaultPendingSource
Event: 7.560 loading class org/gradle/api/internal/collections/DefaultPendingSource done
Event: 7.561 loading class org/gradle/api/internal/collections/BroadcastingCollectionEventRegister
Event: 7.561 loading class org/gradle/api/internal/collections/BroadcastingCollectionEventRegister done
Event: 7.562 loading class org/gradle/api/internal/DefaultDomainObjectCollection$1
Event: 7.562 loading class org/gradle/api/internal/DefaultDomainObjectCollection$1 done
Event: 7.563 loading class org/gradle/groovy/scripts/internal/BuildScriptTransformer
Event: 7.563 loading class org/gradle/groovy/scripts/internal/BuildScriptTransformer done
Event: 7.564 loading class org/gradle/groovy/scripts/internal/ImperativeStatementDetectingTransformer
Event: 7.564 loading class org/gradle/groovy/scripts/internal/ImperativeStatementDetectingTransformer done
Event: 7.565 loading class org/gradle/groovy/scripts/internal/BuildScriptTransformer$1
Event: 7.565 loading class org/gradle/groovy/scripts/internal/BuildScriptTransformer$1 done
Event: 7.565 loading class org/gradle/model/dsl/internal/transform/ClosureCreationInterceptingVerifier
Event: 7.565 loading class org/gradle/model/dsl/internal/transform/ClosureCreationInterceptingVerifier done
Event: 7.596 loading class org/gradle/groovy/scripts/internal/BuildScriptData
Event: 7.596 loading class org/gradle/groovy/scripts/internal/BuildScriptData done
Event: 7.597 loading class org/gradle/configuration/DefaultScriptPluginFactory$ScriptPluginImpl$2
Event: 7.597 loading class org/gradle/configuration/DefaultScriptPluginFactory$ScriptPluginImpl$2 done
Event: 8.439 Loaded shared library D:\and std\jre\bin\java.dll


Dynamic libraries:
0x00007ff69cd60000 - 0x00007ff69cd6a000 	D:\and std\jre\bin\java.exe
0x00007fff08560000 - 0x00007fff0878b000 	C:\WINDOWS\SYSTEM32\ntdll.dll
0x00007fff07080000 - 0x00007fff07146000 	C:\WINDOWS\System32\KERNEL32.DLL
0x00007fff05990000 - 0x00007fff05cee000 	C:\WINDOWS\System32\KERNELBASE.dll
0x00007fff05d00000 - 0x00007fff05e33000 	C:\WINDOWS\System32\ucrtbase.dll
0x00007ffefad60000 - 0x00007ffefad79000 	D:\and std\jre\bin\jli.dll
0x00007ffef6e80000 - 0x00007ffef6e97000 	D:\and std\jre\bin\VCRUNTIME140.dll
0x00007fff081f0000 - 0x00007fff083a1000 	C:\WINDOWS\System32\USER32.dll
0x00007fff06240000 - 0x00007fff06267000 	C:\WINDOWS\System32\win32u.dll
0x00007ffee6f70000 - 0x00007ffee7201000 	C:\WINDOWS\WinSxS\amd64_microsoft.windows.common-controls_6595b64144ccf1df_6.0.25905.1000_none_87b90b8fab340372\COMCTL32.dll
0x00007fff066a0000 - 0x00007fff066c9000 	C:\WINDOWS\System32\GDI32.dll
0x00007fff06dc0000 - 0x00007fff06e67000 	C:\WINDOWS\System32\msvcrt.dll
0x00007fff06270000 - 0x00007fff0638f000 	C:\WINDOWS\System32\gdi32full.dll
0x00007fff05ec0000 - 0x00007fff05f65000 	C:\WINDOWS\System32\msvcp_win.dll
0x00007fff06b50000 - 0x00007fff06b80000 	C:\WINDOWS\System32\IMM32.DLL
0x00007ffe9b210000 - 0x00007ffe9b2ad000 	D:\and std\jre\bin\msvcp140.dll
0x00007ffe9bff0000 - 0x00007ffe9cad5000 	D:\and std\jre\bin\server\jvm.dll
0x00007fff08430000 - 0x00007fff084e0000 	C:\WINDOWS\System32\ADVAPI32.dll
0x00007fff06fc0000 - 0x00007fff07060000 	C:\WINDOWS\System32\sechost.dll
0x00007fff07230000 - 0x00007fff07355000 	C:\WINDOWS\System32\RPCRT4.dll
0x00007fff07950000 - 0x00007fff07958000 	C:\WINDOWS\System32\PSAPI.DLL
0x00007ffed5700000 - 0x00007ffed5709000 	C:\WINDOWS\SYSTEM32\WSOCK32.dll
0x00007ffefaab0000 - 0x00007ffefaaba000 	C:\WINDOWS\SYSTEM32\VERSION.dll
0x00007fff063a0000 - 0x00007fff06413000 	C:\WINDOWS\System32\WS2_32.dll
0x00007ffef85b0000 - 0x00007ffef85e4000 	C:\WINDOWS\SYSTEM32\WINMM.dll
0x00007fff04870000 - 0x00007fff04888000 	C:\WINDOWS\SYSTEM32\kernel.appcore.dll
0x00007ffe9e4e0000 - 0x00007ffe9e4f1000 	D:\and std\jre\bin\verify.dll
0x00007ffef1a60000 - 0x00007ffef1c95000 	C:\WINDOWS\SYSTEM32\DBGHELP.DLL
0x00007fff067d0000 - 0x00007fff06b4b000 	C:\WINDOWS\System32\combase.dll
0x00007fff07150000 - 0x00007fff07225000 	C:\WINDOWS\System32\OLEAUT32.dll
0x00007ffef0aa0000 - 0x00007ffef0ad8000 	C:\WINDOWS\SYSTEM32\dbgcore.DLL
0x00007fff061b0000 - 0x00007fff06231000 	C:\WINDOWS\System32\bcryptPrimitives.dll
0x00007ffe9e4b0000 - 0x00007ffe9e4d9000 	D:\and std\jre\bin\java.dll
0x00007ffed4b10000 - 0x00007ffed4b1b000 	D:\and std\jre\bin\jimage.dll
0x00007ffe9e490000 - 0x00007ffe9e4a8000 	D:\and std\jre\bin\zip.dll
0x00007fff07960000 - 0x00007fff080d3000 	C:\WINDOWS\System32\SHELL32.dll
0x00007fff03840000 - 0x00007fff04092000 	C:\WINDOWS\SYSTEM32\windows.storage.dll
0x00007fff065c0000 - 0x00007fff06693000 	C:\WINDOWS\System32\SHCORE.dll
0x00007fff08170000 - 0x00007fff081cc000 	C:\WINDOWS\System32\shlwapi.dll
0x00007fff058c0000 - 0x00007fff058e3000 	C:\WINDOWS\SYSTEM32\profapi.dll
0x00007ffe9e470000 - 0x00007ffe9e48a000 	D:\and std\jre\bin\net.dll
0x00007ffefa840000 - 0x00007ffefa95b000 	C:\WINDOWS\SYSTEM32\WINHTTP.dll
0x00007fff04ce0000 - 0x00007fff04d48000 	C:\WINDOWS\system32\mswsock.dll
0x00007ffe9e450000 - 0x00007ffe9e464000 	D:\and std\jre\bin\nio.dll
0x00007ffee5e70000 - 0x00007ffee5e8e000 	C:\Users\suyas\.gradle\native\25\windows-amd64\native-platform.dll
0x00007ffed3220000 - 0x00007ffed322a000 	D:\and std\jre\bin\management.dll
0x00007ffed1d40000 - 0x00007ffed1d4d000 	D:\and std\jre\bin\management_ext.dll
0x00007fff05030000 - 0x00007fff0504b000 	C:\WINDOWS\SYSTEM32\CRYPTSP.dll
0x00007fff047d0000 - 0x00007fff04807000 	C:\WINDOWS\system32\rsaenh.dll
0x00007fff04da0000 - 0x00007fff04dca000 	C:\WINDOWS\SYSTEM32\USERENV.dll
0x00007fff05230000 - 0x00007fff05258000 	C:\WINDOWS\SYSTEM32\bcrypt.dll
0x00007fff04f10000 - 0x00007fff04f1c000 	C:\WINDOWS\SYSTEM32\CRYPTBASE.dll
0x00007fff04280000 - 0x00007fff042af000 	C:\WINDOWS\SYSTEM32\IPHLPAPI.DLL
0x00007fff06db0000 - 0x00007fff06dba000 	C:\WINDOWS\System32\NSI.dll
0x00007ffef8320000 - 0x00007ffef8339000 	C:\WINDOWS\SYSTEM32\dhcpcsvc6.DLL
0x00007ffef82f0000 - 0x00007ffef830f000 	C:\WINDOWS\SYSTEM32\dhcpcsvc.DLL
0x00007fff042c0000 - 0x00007fff043cf000 	C:\WINDOWS\SYSTEM32\DNSAPI.dll

dbghelp: loaded successfully - version: 4.0.5 - missing functions: none
symbol engine: initialized successfully - sym options: 0x614 - pdb path: .;D:\and std\jre\bin;C:\WINDOWS\SYSTEM32;C:\WINDOWS\WinSxS\amd64_microsoft.windows.common-controls_6595b64144ccf1df_6.0.25905.1000_none_87b90b8fab340372;D:\and std\jre\bin\server;C:\Users\suyas\.gradle\native\25\windows-amd64

VM Arguments:
jvm_args: -Xmx1536m -Dfile.encoding=windows-1252 -Duser.country=IN -Duser.language=en -Duser.variant 
java_command: org.gradle.launcher.daemon.bootstrap.GradleDaemon 4.8
java_class_path (initial): C:\Users\suyas\.gradle\wrapper\dists\gradle-4.8-bin\divx0s2uj4thofgytb7gf9fsi\gradle-4.8\lib\gradle-launcher-4.8.jar
Launcher Type: SUN_STANDARD

[Global flags]
     intx CICompilerCount                          = 4                                         {product} {ergonomic}
     uint ConcGCThreads                            = 2                                         {product} {ergonomic}
     uint G1ConcRefinementThreads                  = 8                                         {product} {ergonomic}
   size_t G1HeapRegionSize                         = 1048576                                   {product} {ergonomic}
    uintx GCDrainStackTargetSize                   = 64                                        {product} {ergonomic}
   size_t InitialHeapSize                          = 132120576                                 {product} {ergonomic}
   size_t MarkStackSize                            = 4194304                                   {product} {ergonomic}
   size_t MaxHeapSize                              = 1610612736                                {product} {command line}
   size_t MaxNewSize                               = 965738496                                 {product} {ergonomic}
   size_t MinHeapDeltaBytes                        = 1048576                                   {product} {ergonomic}
    uintx NonNMethodCodeHeapSize                   = 5836300                                {pd product} {ergonomic}
    uintx NonProfiledCodeHeapSize                  = 122910970                              {pd product} {ergonomic}
    uintx ProfiledCodeHeapSize                     = 122910970                              {pd product} {ergonomic}
    uintx ReservedCodeCacheSize                    = 251658240                              {pd product} {ergonomic}
     bool SegmentedCodeCache                       = true                                      {product} {ergonomic}
     bool UseCompressedClassPointers               = true                                 {lp64_product} {ergonomic}
     bool UseCompressedOops                        = true                                 {lp64_product} {ergonomic}
     bool UseG1GC                                  = true                                      {product} {ergonomic}
     bool UseLargePagesIndividualAllocation        = false                                  {pd product} {ergonomic}

Logging:
Log output configuration:
 #0: stdout all=warning uptime,level,tags
 #1: stderr all=off uptime,level,tags

Environment Variables:
PATH=C:\Program Files\Common Files\Oracle\Java\javapath;C:\Program Files (x86)\Common Files\Oracle\Java\javapath;C:\Program Files\Java\jdk1.8.0_66\bin;C:\WINDOWS\system32;C:\WINDOWS;C:\WINDOWS\System32\Wbem;C:\WINDOWS\System32\WindowsPowerShell\v1.0\;C:\WINDOWS\System32\OpenSSH\;C:\Program Files\NVIDIA Corporation\NVIDIA NvDLISR;C:\Program Files\dotnet\;C:\Program Files\Microsoft SQL Server\Client SDK\ODBC\170\Tools\Binn\;C:\Program Files (x86)\Microsoft SQL Server\150\Tools\Binn\;C:\Program Files\Microsoft SQL Server\150\Tools\Binn\;C:\Program Files\Microsoft SQL Server\150\DTS\Binn\;C:\Program Files (x86)\Microsoft SQL Server\150\DTS\Binn\;C:\Program Files\Azure Data Studio\bin;C:\Program Files\Microsoft SQL Server\130\Tools\Binn\;C:\Program Files (x86)\dotnet\;C:\Program Files (x86)\NVIDIA Corporation\PhysX\Common;C:\WINDOWS\system32;C:\WINDOWS;C:\WINDOWS\System32\Wbem;C:\WINDOWS\System32\WindowsPowerShell\v1.0\;C:\WINDOWS\System32\OpenSSH\;C:\Program Files\Java\jdk-20\bin;C:\Users\suyas\AppData\Local\Microsoft\WindowsApps;C:\src\flutter\bin;
USERNAME=suyas
OS=Windows_NT
PROCESSOR_IDENTIFIER=Intel64 Family 6 Model 158 Stepping 10, GenuineIntel



---------------  S Y S T E M  ---------------

OS: Windows 10 , 64 bit Build 25905 (10.0.25905.1000)
OS uptime: 1 days 22:12 hours
Hyper-V role detected

CPU:total 8 (initial active 8) (4 cores per cpu, 2 threads per core) family 6 model 158 stepping 10 microcode 0xde, cmov, cx8, fxsr, mmx, sse, sse2, sse3, ssse3, sse4.1, sse4.2, popcnt, avx, avx2, aes, clmul, erms, 3dnowpref, lzcnt, ht, tsc, tscinvbit, bmi1, bmi2, adx, fma

Memory: 4k page, system-wide physical 8036M (1100M free)
TotalPageFile size 8037M (AvailPageFile size 4M)
current process WorkingSet (physical memory assigned to process): 206M, peak: 206M
current process commit charge ("private bytes"): 273M, peak: 273M

vm_info: OpenJDK 64-Bit Server VM (11.0.12+7-b1504.28-7817840) for windows-amd64 JRE (11.0.12+7-b1504.28-7817840), built on Oct 13 2021 22:12:33 by "builder" with MS VC++ 14.0 (VS2015)

END.
